2026-03-20 10:20:52,979 [INFO] Path: /anagrams/sare | Time: 28.54ms
2026-03-20 10:20:53,197 [INFO] Path: /favicon.ico | Time: 1.14ms
2026-03-20 10:21:33,141 [INFO] Path: /anagrams/sare | Time: 4.73ms
2026-03-20 10:21:34,204 [INFO] Path: /anagrams/sare | Time: 2.96ms
2026-03-20 10:21:34,913 [INFO] Path: /anagrams/sare | Time: 2.56ms
2026-03-20 10:24:37,943 [INFO] Path: /anagrams/marmelada | Time: 12.29ms
2026-03-20 10:24:42,665 [INFO] Path: /anagrams/ou | Time: 6.65ms
2026-03-20 10:24:46,904 [INFO] Path: /anagrams/ana | Time: 4.73ms
2026-03-20 10:24:50,596 [INFO] Path: /anagrams/banana | Time: 5.84ms
2026-03-20 10:24:54,626 [INFO] Path: /anagrams/dor | Time: 6.36ms
2026-03-20 13:05:30,976 [INFO] Path: /anagrams/sare | Time: 74.70ms
2026-03-20 13:05:31,196 [INFO] Path: /favicon.ico | Time: 1.19ms
2026-03-20 13:23:21,561 [INFO] Path: /docs/anagrams/{bacalaureat} | Time: 2.70ms
2026-03-20 13:25:01,036 [INFO] Path: /anagrams/sare | Time: 77.66ms
2026-03-20 13:26:36,415 [INFO] Path: /words | Time: 70.90ms
2026-03-20 13:26:45,356 [INFO] Path: /words | Time: 81.53ms
2026-03-20 13:26:51,740 [INFO] Path: /anagrams/stare | Time: 17.66ms
2026-03-20 13:27:01,708 [INFO] Path: /words/tarse | Time: 47.03ms
2026-03-20 13:31:36,054 [INFO] Path: /words/tarse | Time: 24.31ms
2026-03-20 13:39:42,154 [INFO] Path: /words/tarse | Time: 24.53ms
2026-03-20 13:41:30,857 [INFO] Path: /words/tarse | Time: 75.46ms
2026-03-20 13:42:22,506 [INFO] Path: /words/aster | Time: 97.89ms
2026-03-20 14:59:14,561 [INFO] Path: /anagrams/ana | Time: 85.56ms
2026-03-20 14:59:18,211 [INFO] Path: /anagrams/ana | Time: 3.95ms
2026-03-20 15:00:01,348 [INFO] Path: /anagrams/stare | Time: 25.92ms
2026-03-20 15:00:06,722 [INFO] Path: /words/asert | Time: 104.90ms
2026-03-20 15:00:06,772 [INFO] Path: /anagrams/stare | Time: 18.63ms
2026-03-20 15:00:20,938 [INFO] Path: /words | Time: 75.63ms
2026-03-20 15:08:59,386 [INFO] Path: /anagrams/radu | Time: 23.30ms
2026-03-20 15:09:03,137 [INFO] Path: /anagrams/stefam | Time: 11.22ms
2026-03-20 15:09:03,933 [INFO] Path: /anagrams/stefam | Time: 3.26ms
2026-03-20 15:09:04,425 [INFO] Path: /anagrams/stefan | Time: 12.70ms
2026-03-20 15:18:27,116 [INFO] Path: /anagrams/sare | Time: 26.97ms
2026-03-20 15:18:58,848 [INFO] Path: /anagrams/st | Time: 13.85ms
2026-03-20 15:19:00,101 [INFO] Path: /anagrams/sta | Time: 18.36ms
2026-03-20 15:19:00,642 [INFO] Path: /anagrams/stare | Time: 11.02ms
